<?xml version="1.0" encoding="UTF-8"?>
<!-- Generated by org.testng.reporters.JUnitReportReporter -->
<testsuite skipped="0" hostname="SCNU303BF8C" name="Test.restcountries.APIs" tests="1" failures="0" timestamp="13 Aug 2019 19:49:55 GMT" time="1.337" errors="0">
  <testcase name="getName" time="1.337" classname="Test.restcountries.APIs"/>
</testsuite> <!-- Test.restcountries.APIs -->
