<?xml version="1.0" encoding="UTF-8"?>
<!-- Generated by org.testng.reporters.JUnitReportReporter -->
<testsuite skipped="0" hostname="SCNU303BF8C" name="Test.restcountries.App" tests="1" failures="0" timestamp="13 Aug 2019 19:21:45 GMT" time="2.361" errors="0">
  <testcase name="getName" time="2.361" classname="Test.restcountries.App"/>
</testsuite> <!-- Test.restcountries.App -->
